<?xml version="1.0" encoding="UTF-8"?>
<!-- Generated by org.testng.reporters.JUnitReportReporter -->
<testsuite skipped="0" hostname="Madanrajs-MacBook-Pro.local" name="tests.webapptests.testcase.LoginTest" tests="1" failures="0" timestamp="2020-04-21T20:11:12 IST" time="2.959" errors="0">
  <testcase name="loginUser" time="2.959" classname="tests.webapptests.testcase.LoginTest"/>
  <system-out/>
</testsuite> <!-- tests.webapptests.testcase.LoginTest -->
