<?xml version="1.0" encoding="UTF-8"?>
<!-- Generated by org.testng.reporters.JUnitReportReporter -->
<testsuite skipped="0" hostname="Madanrajs-MacBook-Pro.local" name="testcase.RequestForm" tests="1" failures="0" timestamp="2020-04-12T23:35:05 IST" time="10.875" errors="0">
  <testcase name="sendRequest" time="10.875" classname="testcase.RequestForm"/>
  <system-out/>
</testsuite> <!-- testcase.RequestForm -->
