<?xml version="1.0" encoding="UTF-8"?>
<!-- Generated by org.testng.reporters.JUnitReportReporter -->
<testsuite skipped="0" hostname="Madanrajs-MacBook-Pro.local" name="testcase.GojekCab" tests="1" failures="0" timestamp="2020-04-12T14:13:01 IST" time="19.718" errors="0">
  <testcase name="launch" time="19.718" classname="testcase.GojekCab"/>
  <system-out/>
</testsuite> <!-- testcase.GojekCab -->
