<?xml version="1.0" encoding="UTF-8"?>
<!-- Generated by org.testng.reporters.JUnitReportReporter -->
<testsuite skipped="0" hostname="Madanrajs-MacBook-Pro.local" name="tests.webapptests.testcase.RequestFormTest" tests="1" failures="0" timestamp="2020-04-21T20:11:31 IST" time="4.225" errors="0">
  <testcase name="sendRequest" time="4.225" classname="tests.webapptests.testcase.RequestFormTest"/>
  <system-out/>
</testsuite> <!-- tests.webapptests.testcase.RequestFormTest -->
